# **************************************************
# Quartus Prime Version 23.4.0
# Process ID 27287
# Start logging UI actions
# Sat Dec 7 12:18:46 2024
# **************************************************
[Sat Dec  7 12:19:04 2024] [Action triggered] Window title: 'Quartus Prime Pro Edition - /tools/C/tedkim7/sp24-tapeout - Agilex_SOM [*]' | P&rocessing > 'Compilation Dashboard' was pressed
[Sat Dec  7 12:19:14 2024] [Action triggered] Window title: 'Quartus Prime Pro Edition - /tools/C/tedkim7/sp24-tapeout - Agilex_SOM [*]' | &Tools > '&Programmer' was pressed
[Sat Dec  7 12:19:44 2024] Window title: 'Programmer - /tools/C/tedkim7/sp24-tapeout - Agilex_SOM [*]' | QCheckBox '' was checked
[Sat Dec  7 12:20:40 2024] Window title: 'Programmer - /tools/C/tedkim7/sp24-tapeout - Agilex_SOM - [Agilex_SOM.cdf][*]' | QPushButton 'Change File...' pressed!
[Sat Dec  7 12:20:48 2024] Window title: 'Programmer - /tools/C/tedkim7/sp24-tapeout - Agilex_SOM - [Agilex_SOM.cdf][*]' | QPushButton 'Start' pressed!
[Sat Dec  7 12:21:01 2024] Window title: 'Quartus Prime' | QPushButton '&Yes' pressed!
[Sat Dec  7 12:21:19 2024] [Action triggered] Window title: 'Quartus Prime Pro Edition - /tools/C/tedkim7/sp24-tapeout - Agilex_SOM [*]' | &Tools > 'Signal Tap Logic A&nalyzer' was pressed
[Sat Dec  7 12:22:18 2024] Window title: '' | QCheckBox 'Record data discontinuities' was checked
[Sat Dec  7 12:22:18 2024] Window title: '' | 'Trigger in': QRadioButton 'Node:' was checked
[Sat Dec  7 12:22:18 2024] Window title: '' | 'Data': QRadioButton 'Auto' was checked
[Sat Dec  7 12:22:18 2024] Window title: '' | 'Trigger': QRadioButton 'Auto' was checked
[Sat Dec  7 12:22:18 2024] Window title: '' | 'Storage qualifier:': QRadioButton 'Auto' was checked
[Sat Dec  7 12:22:51 2024] [Action triggered] Window title: 'Signal Tap Logic Analyzer - /tools/C/tedkim7/sp24-tapeout - Agilex_SOM - [stp1.stp][*]' | P&rocessing > 'Run Anal&ysis' was pressed
[Sat Dec  7 12:23:24 2024] Window title: '' | QCheckBox 'Record data discontinuities' was checked
[Sat Dec  7 12:23:24 2024] Window title: '' | 'Trigger in': QRadioButton 'Node:' was checked
[Sat Dec  7 12:23:24 2024] Window title: '' | 'Data': QRadioButton 'Auto' was checked
[Sat Dec  7 12:23:24 2024] Window title: '' | 'Trigger': QRadioButton 'Auto' was checked
[Sat Dec  7 12:23:24 2024] Window title: '' | 'Storage qualifier:': QRadioButton 'Auto' was checked
[Sat Dec  7 12:23:33 2024] [Action triggered] Window title: 'Signal Tap Logic Analyzer - /tools/C/tedkim7/sp24-tapeout - Agilex_SOM - [stp1.stp][*]' | P&rocessing > 'Run Anal&ysis' was pressed
[Sat Dec  7 12:23:35 2024] Window title: '' | QCheckBox 'Record data discontinuities' was checked
[Sat Dec  7 12:23:35 2024] Window title: '' | 'Trigger in': QRadioButton 'Node:' was checked
[Sat Dec  7 12:23:35 2024] Window title: '' | 'Data': QRadioButton 'Auto' was checked
[Sat Dec  7 12:23:35 2024] Window title: '' | 'Trigger': QRadioButton 'Auto' was checked
[Sat Dec  7 12:23:35 2024] Window title: '' | 'Storage qualifier:': QRadioButton 'Auto' was checked
[Sat Dec  7 12:23:42 2024] [Action triggered] Window title: 'Signal Tap Logic Analyzer - /tools/C/tedkim7/sp24-tapeout - Agilex_SOM - [stp1.stp][*]' | P&rocessing > 'Run Anal&ysis' was pressed
[Sat Dec  7 12:23:50 2024] Window title: '' | QCheckBox 'Record data discontinuities' was checked
[Sat Dec  7 12:23:50 2024] Window title: '' | 'Trigger in': QRadioButton 'Node:' was checked
[Sat Dec  7 12:23:50 2024] Window title: '' | 'Data': QRadioButton 'Auto' was checked
[Sat Dec  7 12:23:50 2024] Window title: '' | 'Trigger': QRadioButton 'Auto' was checked
[Sat Dec  7 12:23:50 2024] Window title: '' | 'Storage qualifier:': QRadioButton 'Auto' was checked
[Sat Dec  7 12:26:40 2024] [Action triggered] Window title: 'Signal Tap Logic Analyzer - /tools/C/tedkim7/sp24-tapeout - Agilex_SOM - [stp1.stp][*]' | P&rocessing > 'Aut&orun Analysis' was pressed
[Sat Dec  7 12:27:16 2024] [Action triggered] Window title: 'Signal Tap Logic Analyzer - /tools/C/tedkim7/sp24-tapeout - Agilex_SOM - [stp1.stp][*]' | P&rocessing > 'S&top Analysis' was pressed
[Sat Dec  7 12:27:17 2024] Window title: '' | QCheckBox 'Record data discontinuities' was checked
[Sat Dec  7 12:27:17 2024] Window title: '' | 'Trigger in': QRadioButton 'Node:' was checked
[Sat Dec  7 12:27:17 2024] Window title: '' | 'Data': QRadioButton 'Auto' was checked
[Sat Dec  7 12:27:17 2024] Window title: '' | 'Trigger': QRadioButton 'Auto' was checked
[Sat Dec  7 12:27:17 2024] Window title: '' | 'Storage qualifier:': QRadioButton 'Auto' was checked
[Sat Dec  7 12:27:24 2024] [Action triggered] Window title: 'Signal Tap Logic Analyzer - /tools/C/tedkim7/sp24-tapeout - Agilex_SOM - [stp1.stp][*]' | QMenu > 'Don't Care' was pressed
[Sat Dec  7 12:27:32 2024] [Action triggered] Window title: 'Signal Tap Logic Analyzer - /tools/C/tedkim7/sp24-tapeout - Agilex_SOM - [stp1.stp][*]' | QMenu > 'Rising Edge' was pressed
[Sat Dec  7 12:27:57 2024] [Action triggered] Window title: 'Signal Tap Logic Analyzer - /tools/C/tedkim7/sp24-tapeout - Agilex_SOM - [stp1.stp][*]' | P&rocessing > 'Aut&orun Analysis' was pressed
[Sat Dec  7 12:28:38 2024] [Action triggered] Window title: 'Signal Tap Logic Analyzer - /tools/C/tedkim7/sp24-tapeout - Agilex_SOM - [stp1.stp][*]' | P&rocessing > 'S&top Analysis' was pressed
[Sat Dec  7 12:28:38 2024] Window title: '' | QCheckBox 'Record data discontinuities' was checked
[Sat Dec  7 12:28:38 2024] Window title: '' | 'Trigger in': QRadioButton 'Node:' was checked
[Sat Dec  7 12:28:38 2024] Window title: '' | 'Data': QRadioButton 'Auto' was checked
[Sat Dec  7 12:28:38 2024] Window title: '' | 'Trigger': QRadioButton 'Auto' was checked
[Sat Dec  7 12:28:38 2024] Window title: '' | 'Storage qualifier:': QRadioButton 'Auto' was checked
[Sat Dec  7 12:28:41 2024] [Action triggered] Window title: 'Signal Tap Logic Analyzer - /tools/C/tedkim7/sp24-tapeout - Agilex_SOM - [stp1.stp][*]' | QMenu > 'Don't Care' was pressed
[Sat Dec  7 12:28:43 2024] [Action triggered] Window title: 'Signal Tap Logic Analyzer - /tools/C/tedkim7/sp24-tapeout - Agilex_SOM - [stp1.stp][*]' | QMenu > 'Don't Care' was pressed
[Sat Dec  7 12:28:45 2024] [Action triggered] Window title: 'Signal Tap Logic Analyzer - /tools/C/tedkim7/sp24-tapeout - Agilex_SOM - [stp1.stp][*]' | P&rocessing > 'Aut&orun Analysis' was pressed
[Sat Dec  7 12:28:49 2024] [Action triggered] Window title: 'Signal Tap Logic Analyzer - /tools/C/tedkim7/sp24-tapeout - Agilex_SOM - [stp1.stp][*]' | P&rocessing > 'S&top Analysis' was pressed
[Sat Dec  7 12:28:49 2024] Window title: '' | QCheckBox 'Record data discontinuities' was checked
[Sat Dec  7 12:28:49 2024] Window title: '' | 'Trigger in': QRadioButton 'Node:' was checked
[Sat Dec  7 12:28:49 2024] Window title: '' | 'Data': QRadioButton 'Auto' was checked
[Sat Dec  7 12:28:49 2024] Window title: '' | 'Trigger': QRadioButton 'Auto' was checked
[Sat Dec  7 12:28:49 2024] Window title: '' | 'Storage qualifier:': QRadioButton 'Auto' was checked
[Sat Dec  7 12:28:56 2024] [Action triggered] Window title: 'Signal Tap Logic Analyzer - /tools/C/tedkim7/sp24-tapeout - Agilex_SOM - [stp1.stp][*]' | QMenu > 'Rising Edge' was pressed
[Sat Dec  7 12:29:00 2024] [Action triggered] Window title: 'Signal Tap Logic Analyzer - /tools/C/tedkim7/sp24-tapeout - Agilex_SOM - [stp1.stp][*]' | P&rocessing > 'Aut&orun Analysis' was pressed
[Sat Dec  7 12:29:53 2024] [Action triggered] Window title: 'Signal Tap Logic Analyzer - /tools/C/tedkim7/sp24-tapeout - Agilex_SOM - [stp1.stp][*]' | P&rocessing > 'S&top Analysis' was pressed
[Sat Dec  7 12:29:54 2024] Window title: '' | QCheckBox 'Record data discontinuities' was checked
[Sat Dec  7 12:29:54 2024] Window title: '' | 'Trigger in': QRadioButton 'Node:' was checked
[Sat Dec  7 12:29:54 2024] Window title: '' | 'Data': QRadioButton 'Auto' was checked
[Sat Dec  7 12:29:54 2024] Window title: '' | 'Trigger': QRadioButton 'Auto' was checked
[Sat Dec  7 12:29:54 2024] Window title: '' | 'Storage qualifier:': QRadioButton 'Auto' was checked
[Sat Dec  7 12:29:55 2024] [Action triggered] Window title: 'Signal Tap Logic Analyzer - /tools/C/tedkim7/sp24-tapeout - Agilex_SOM - [stp1.stp][*]' | P&rocessing > 'Aut&orun Analysis' was pressed
[Sat Dec  7 12:34:35 2024] Window title: '' | QCheckBox 'Record data discontinuities' was checked
[Sat Dec  7 12:34:35 2024] Window title: '' | 'Trigger in': QRadioButton 'Node:' was checked
[Sat Dec  7 12:34:35 2024] Window title: '' | 'Data': QRadioButton 'Auto' was checked
[Sat Dec  7 12:34:35 2024] Window title: '' | 'Trigger': QRadioButton 'Auto' was checked
[Sat Dec  7 12:34:35 2024] Window title: '' | 'Storage qualifier:': QRadioButton 'Auto' was checked
[Sat Dec  7 13:19:35 2024] [Action triggered] Window title: 'Quartus Prime Pro Edition - /tools/C/tedkim7/sp24-tapeout - Agilex_SOM [*]' | &Tools > '&Programmer' was pressed
[Sat Dec  7 13:19:58 2024] Window title: 'Programmer - /tools/C/tedkim7/sp24-tapeout - Agilex_SOM [*]' | QCheckBox '' was checked
[Sat Dec  7 13:20:05 2024] Window title: 'Hardware Setup' | QCheckBox 'Auto-adjust frequency at chain scanning' was checked
[Sat Dec  7 13:20:05 2024] Window title: 'Hardware Setup' | combo box changed to: 'Apollo Agilex [1-2.1]'
[Sat Dec  7 13:20:06 2024] Window title: 'Hardware Setup' | QPushButton '&Close' pressed!
[Sat Dec  7 13:20:08 2024] Window title: 'Programmer - /tools/C/tedkim7/sp24-tapeout - Agilex_SOM - [Agilex_SOM.cdf][*]' | QPushButton 'Start' pressed!
[Sat Dec  7 13:20:14 2024] Window title: 'Quartus Prime' | QPushButton '&Yes' pressed!
[Sat Dec  7 13:23:34 2024] [Action triggered] Window title: 'Signal Tap Logic Analyzer - /tools/C/tedkim7/sp24-tapeout - Agilex_SOM - [stp1.stp][*]' | P&rocessing > 'Aut&orun Analysis' was pressed
[Sat Dec  7 13:31:35 2024] [Action triggered] Window title: 'Signal Tap Logic Analyzer - /tools/C/tedkim7/sp24-tapeout - Agilex_SOM - [stp1.stp][*]' | P&rocessing > 'S&top Analysis' was pressed
[Sat Dec  7 13:31:35 2024] Window title: '' | QCheckBox 'Record data discontinuities' was checked
[Sat Dec  7 13:31:35 2024] Window title: '' | 'Trigger in': QRadioButton 'Node:' was checked
[Sat Dec  7 13:31:35 2024] Window title: '' | 'Data': QRadioButton 'Auto' was checked
[Sat Dec  7 13:31:35 2024] Window title: '' | 'Trigger': QRadioButton 'Auto' was checked
[Sat Dec  7 13:31:35 2024] Window title: '' | 'Storage qualifier:': QRadioButton 'Auto' was checked
[Sat Dec  7 13:31:38 2024] [Action triggered] Window title: 'Signal Tap Logic Analyzer - /tools/C/tedkim7/sp24-tapeout - Agilex_SOM - [stp1.stp][*]' | P&rocessing > 'Aut&orun Analysis' was pressed
[Sat Dec  7 13:33:14 2024] [Action triggered] Window title: 'Signal Tap Logic Analyzer - /tools/C/tedkim7/sp24-tapeout - Agilex_SOM - [stp1.stp][*]' | P&rocessing > 'S&top Analysis' was pressed
[Sat Dec  7 13:33:14 2024] Window title: '' | QCheckBox 'Record data discontinuities' was checked
[Sat Dec  7 13:33:14 2024] Window title: '' | 'Trigger in': QRadioButton 'Node:' was checked
[Sat Dec  7 13:33:14 2024] Window title: '' | 'Data': QRadioButton 'Auto' was checked
[Sat Dec  7 13:33:14 2024] Window title: '' | 'Trigger': QRadioButton 'Auto' was checked
[Sat Dec  7 13:33:14 2024] Window title: '' | 'Storage qualifier:': QRadioButton 'Auto' was checked
[Sat Dec  7 13:33:23 2024] [Action triggered] Window title: 'Quartus Prime Pro Edition - /tools/C/tedkim7/sp24-tapeout - Agilex_SOM [*]' | &Tools > '&Programmer' was pressed
[Sat Dec  7 13:33:46 2024] Window title: 'Programmer - /tools/C/tedkim7/sp24-tapeout - Agilex_SOM [*]' | QCheckBox '' was checked
[Sat Dec  7 13:33:50 2024] Window title: 'Programmer - /tools/C/tedkim7/sp24-tapeout - Agilex_SOM - [Agilex_SOM.cdf][*]' | QPushButton 'Start' pressed!
[Sat Dec  7 13:33:58 2024] [Action triggered] Window title: 'Signal Tap Logic Analyzer - /tools/C/tedkim7/sp24-tapeout - Agilex_SOM - [stp1.stp][*]' | P&rocessing > 'Aut&orun Analysis' was pressed
[Sat Dec  7 13:40:41 2024] Window title: 'Quartus Prime' | QPushButton '&Yes' pressed!
[Sat Dec  7 13:40:42 2024] Window title: 'Quartus Prime' | QPushButton '&Yes' pressed!
[Sat Dec  7 13:40:43 2024] Window title: '' | QCheckBox 'Record data discontinuities' was checked
[Sat Dec  7 13:40:43 2024] Window title: '' | 'Trigger in': QRadioButton 'Node:' was checked
[Sat Dec  7 13:40:43 2024] Window title: '' | 'Data': QRadioButton 'Auto' was checked
[Sat Dec  7 13:40:43 2024] Window title: '' | 'Trigger': QRadioButton 'Auto' was checked
[Sat Dec  7 13:40:43 2024] Window title: '' | 'Storage qualifier:': QRadioButton 'Auto' was checked
[Sat Dec  7 13:40:44 2024] Window title: 'Quartus Prime' | QPushButton '&Yes' pressed!
[Sat Dec  7 13:40:48 2024] [Action triggered] Window title: 'Quartus Prime Pro Edition [*]' | &Help > 'Home' was pressed
# **************************************************
# Sat Dec 7 13:40:48 2024
# End of logging UI actions
# **************************************************
